<?xml version="1.0" encoding="UTF-8"?>
<!-- Generated by org.testng.reporters.JUnitReportReporter -->
<testsuite skipped="0" hostname="HP" name="com.springvalidation.SpringValidation.ValidationAPIUnitTest" tests="1" failures="0" timestamp="30 Nov 2017 05:53:00 GMT" time="0.274" errors="0">
  <testcase name="testMemberWithNoValues" time="0.274" classname="com.springvalidation.SpringValidation.ValidationAPIUnitTest"/>
</testsuite> <!-- com.springvalidation.SpringValidation.ValidationAPIUnitTest -->
